02-13 18:32:16 com_github_MitjaNemec_PlaceFootprints.action_place_footprints 647:Plugin executed on: 'linux'
02-13 18:32:16 com_github_MitjaNemec_PlaceFootprints.action_place_footprints 648:Plugin executed with python version: '3.12.8 (main, Nov 10 2011, 15:00:00) [GCC 14.2.0]'
02-13 18:32:16 com_github_MitjaNemec_PlaceFootprints.action_place_footprints 649:KiCad build version: 8.0.8
02-13 18:32:16 com_github_MitjaNemec_PlaceFootprints.action_place_footprints 650:Plugin version: 3.0.0
02-13 18:32:16 com_github_MitjaNemec_PlaceFootprints.action_place_footprints 651:Frame repr: <wx._core.Frame object at 0x76d6e9c25010>
02-13 18:32:16 com_github_MitjaNemec_PlaceFootprints.place_footprints 121:getting a list of all footprints on board
02-13 18:32:16 com_github_MitjaNemec_PlaceFootprints.place_footprints 156:Footprint SW5 on root level
02-13 18:32:16 com_github_MitjaNemec_PlaceFootprints.place_footprints 156:Footprint SW16 on root level
02-13 18:32:16 com_github_MitjaNemec_PlaceFootprints.place_footprints 156:Footprint SW15 on root level
02-13 18:32:16 com_github_MitjaNemec_PlaceFootprints.place_footprints 156:Footprint SW14 on root level
02-13 18:32:16 com_github_MitjaNemec_PlaceFootprints.place_footprints 156:Footprint SW13 on root level
02-13 18:32:16 com_github_MitjaNemec_PlaceFootprints.place_footprints 156:Footprint SW12 on root level
02-13 18:32:16 com_github_MitjaNemec_PlaceFootprints.place_footprints 156:Footprint SW11 on root level
02-13 18:32:16 com_github_MitjaNemec_PlaceFootprints.place_footprints 156:Footprint SW10 on root level
02-13 18:32:16 com_github_MitjaNemec_PlaceFootprints.place_footprints 156:Footprint SW9 on root level
02-13 18:32:16 com_github_MitjaNemec_PlaceFootprints.place_footprints 156:Footprint SW8 on root level
02-13 18:32:16 com_github_MitjaNemec_PlaceFootprints.place_footprints 156:Footprint SW7 on root level
02-13 18:32:16 com_github_MitjaNemec_PlaceFootprints.place_footprints 156:Footprint SW6 on root level
02-13 18:32:16 com_github_MitjaNemec_PlaceFootprints.place_footprints 156:Footprint SW4 on root level
02-13 18:32:16 com_github_MitjaNemec_PlaceFootprints.place_footprints 156:Footprint SW3 on root level
02-13 18:32:16 com_github_MitjaNemec_PlaceFootprints.place_footprints 156:Footprint SW2 on root level
02-13 18:32:16 com_github_MitjaNemec_PlaceFootprints.place_footprints 156:Footprint D2 on root level
02-13 18:32:16 com_github_MitjaNemec_PlaceFootprints.place_footprints 156:Footprint D15 on root level
02-13 18:32:16 com_github_MitjaNemec_PlaceFootprints.place_footprints 156:Footprint D14 on root level
02-13 18:32:16 com_github_MitjaNemec_PlaceFootprints.place_footprints 156:Footprint D5 on root level
02-13 18:32:16 com_github_MitjaNemec_PlaceFootprints.place_footprints 156:Footprint D6 on root level
02-13 18:32:16 com_github_MitjaNemec_PlaceFootprints.place_footprints 156:Footprint D12 on root level
02-13 18:32:16 com_github_MitjaNemec_PlaceFootprints.place_footprints 156:Footprint D10 on root level
02-13 18:32:16 com_github_MitjaNemec_PlaceFootprints.place_footprints 156:Footprint D13 on root level
02-13 18:32:16 com_github_MitjaNemec_PlaceFootprints.place_footprints 156:Footprint D9 on root level
02-13 18:32:16 com_github_MitjaNemec_PlaceFootprints.place_footprints 156:Footprint D16 on root level
02-13 18:32:16 com_github_MitjaNemec_PlaceFootprints.place_footprints 156:Footprint D7 on root level
02-13 18:32:16 com_github_MitjaNemec_PlaceFootprints.place_footprints 156:Footprint U1 on root level
02-13 18:32:16 com_github_MitjaNemec_PlaceFootprints.place_footprints 156:Footprint D1 on root level
02-13 18:32:16 com_github_MitjaNemec_PlaceFootprints.place_footprints 156:Footprint D11 on root level
02-13 18:32:16 com_github_MitjaNemec_PlaceFootprints.place_footprints 156:Footprint SW1 on root level
02-13 18:32:16 com_github_MitjaNemec_PlaceFootprints.place_footprints 156:Footprint D8 on root level
02-13 18:32:16 com_github_MitjaNemec_PlaceFootprints.place_footprints 156:Footprint D3 on root level
02-13 18:32:16 com_github_MitjaNemec_PlaceFootprints.place_footprints 156:Footprint D4 on root level
02-13 18:32:17 com_github_MitjaNemec_PlaceFootprints.action_place_footprints 830:Reference designator is: SW
02-13 18:32:17 com_github_MitjaNemec_PlaceFootprints.action_place_footprints 831:Reference number is: 5
02-13 18:32:17 com_github_MitjaNemec_PlaceFootprints.action_place_footprints 863:Sorted and filtered list:
['SW1', 'SW2', 'SW3', 'SW4', 'SW5', 'SW6', 'SW7', 'SW8', 'SW9', 'SW10', 'SW11', 'SW12', 'SW13', 'SW14', 'SW15', 'SW16']
02-13 18:32:17 com_github_MitjaNemec_PlaceFootprints.action_place_footprints 359:wx.Colour(36, 36, 36, 255)
02-13 18:32:23 com_github_MitjaNemec_PlaceFootprints.action_place_footprints 490:'19'
02-13 18:32:23 com_github_MitjaNemec_PlaceFootprints.action_place_footprints 549:Preparing config for reference matrix
02-13 18:32:23 com_github_MitjaNemec_PlaceFootprints.action_place_footprints 556:Saving config file
02-13 18:32:23 com_github_MitjaNemec_PlaceFootprints.action_place_footprints 558:Saved the config file
02-13 18:32:23 com_github_MitjaNemec_PlaceFootprints.action_place_footprints 901:Footprints to place:
['SW5', 'SW6', 'SW7', 'SW8', 'SW9', 'SW10', 'SW11', 'SW12', 'SW13', 'SW14', 'SW15', 'SW16']
02-13 18:32:23 com_github_MitjaNemec_PlaceFootprints.place_footprints 398:Starting placing with matrix layout
02-13 18:32:23 com_github_MitjaNemec_PlaceFootprints.action_place_footprints 971:Placing complete
